Performing C SOURCE FILE Test CMAKE_HAVE_LIBC_PTHREAD failed with the following output:
Change Dir: /home/connect/catkin_ws/build_isolated/rosserial_msgs/CMakeFiles/CMakeTmp

Run Build Command(s):/usr/bin/make -f Makefile cmTC_656f0/fast && /usr/bin/make  -f CMakeFiles/cmTC_656f0.dir/build.make CMakeFiles/cmTC_656f0.dir/build
make[1]: Entering directory '/home/connect/catkin_ws/build_isolated/rosserial_msgs/CMakeFiles/CMakeTmp'
Building C object CMakeFiles/cmTC_656f0.dir/src.c.o
/usr/lib/ccache/cc -DCMAKE_HAVE_LIBC_PTHREAD   -o CMakeFiles/cmTC_656f0.dir/src.c.o -c /home/connect/catkin_ws/build_isolated/rosserial_msgs/CMakeFiles/CMakeTmp/src.c
Linking C executable cmTC_656f0
/usr/local/bin/cmake -E cmake_link_script CMakeFiles/cmTC_656f0.dir/link.txt --verbose=1
/usr/lib/ccache/cc CMakeFiles/cmTC_656f0.dir/src.c.o -o cmTC_656f0 
/usr/bin/ld: CMakeFiles/cmTC_656f0.dir/src.c.o: in function `main':
src.c:(.text+0x46): undefined reference to `pthread_create'
/usr/bin/ld: src.c:(.text+0x52): undefined reference to `pthread_detach'
/usr/bin/ld: src.c:(.text+0x5e): undefined reference to `pthread_cancel'
/usr/bin/ld: src.c:(.text+0x6f): undefined reference to `pthread_join'
collect2: error: ld returned 1 exit status
make[1]: *** [CMakeFiles/cmTC_656f0.dir/build.make:99: cmTC_656f0] Error 1
make[1]: Leaving directory '/home/connect/catkin_ws/build_isolated/rosserial_msgs/CMakeFiles/CMakeTmp'
make: *** [Makefile:127: cmTC_656f0/fast] Error 2


Source file was:
#include <pthread.h>

static void* test_func(void* data)
{
  return data;
}

int main(void)
{
  pthread_t thread;
  pthread_create(&thread, NULL, test_func, NULL);
  pthread_detach(thread);
  pthread_cancel(thread);
  pthread_join(thread, NULL);
  pthread_atfork(NULL, NULL, NULL);
  pthread_exit(NULL);

  return 0;
}

Determining if the function pthread_create exists in the pthreads failed with the following output:
Change Dir: /home/connect/catkin_ws/build_isolated/rosserial_msgs/CMakeFiles/CMakeTmp

Run Build Command(s):/usr/bin/make -f Makefile cmTC_a09ab/fast && /usr/bin/make  -f CMakeFiles/cmTC_a09ab.dir/build.make CMakeFiles/cmTC_a09ab.dir/build
make[1]: Entering directory '/home/connect/catkin_ws/build_isolated/rosserial_msgs/CMakeFiles/CMakeTmp'
Building C object CMakeFiles/cmTC_a09ab.dir/CheckFunctionExists.c.o
/usr/lib/ccache/cc   -DCHECK_FUNCTION_EXISTS=pthread_create -o CMakeFiles/cmTC_a09ab.dir/CheckFunctionExists.c.o -c /usr/local/share/cmake-3.23/Modules/CheckFunctionExists.c
Linking C executable cmTC_a09ab
/usr/local/bin/cmake -E cmake_link_script CMakeFiles/cmTC_a09ab.dir/link.txt --verbose=1
/usr/lib/ccache/cc  -DCHECK_FUNCTION_EXISTS=pthread_create CMakeFiles/cmTC_a09ab.dir/CheckFunctionExists.c.o -o cmTC_a09ab  -lpthreads 
/usr/bin/ld: cannot find -lpthreads
collect2: error: ld returned 1 exit status
make[1]: *** [CMakeFiles/cmTC_a09ab.dir/build.make:99: cmTC_a09ab] Error 1
make[1]: Leaving directory '/home/connect/catkin_ws/build_isolated/rosserial_msgs/CMakeFiles/CMakeTmp'
make: *** [Makefile:127: cmTC_a09ab/fast] Error 2



