Performing C SOURCE FILE Test CMAKE_HAVE_LIBC_PTHREAD failed with the following output:
Change Dir: /home/connect/catkin_ws/build_isolated/rosserial_embeddedlinux/CMakeFiles/CMakeTmp

Run Build Command(s):/usr/bin/make -f Makefile cmTC_21bde/fast && /usr/bin/make  -f CMakeFiles/cmTC_21bde.dir/build.make CMakeFiles/cmTC_21bde.dir/build
make[1]: Entering directory '/home/connect/catkin_ws/build_isolated/rosserial_embeddedlinux/CMakeFiles/CMakeTmp'
Building C object CMakeFiles/cmTC_21bde.dir/src.c.o
/usr/lib/ccache/cc -DCMAKE_HAVE_LIBC_PTHREAD   -o CMakeFiles/cmTC_21bde.dir/src.c.o -c /home/connect/catkin_ws/build_isolated/rosserial_embeddedlinux/CMakeFiles/CMakeTmp/src.c
Linking C executable cmTC_21bde
/usr/local/bin/cmake -E cmake_link_script CMakeFiles/cmTC_21bde.dir/link.txt --verbose=1
/usr/lib/ccache/cc CMakeFiles/cmTC_21bde.dir/src.c.o -o cmTC_21bde 
/usr/bin/ld: CMakeFiles/cmTC_21bde.dir/src.c.o: in function `main':
src.c:(.text+0x46): undefined reference to `pthread_create'
/usr/bin/ld: src.c:(.text+0x52): undefined reference to `pthread_detach'
/usr/bin/ld: src.c:(.text+0x5e): undefined reference to `pthread_cancel'
/usr/bin/ld: src.c:(.text+0x6f): undefined reference to `pthread_join'
collect2: error: ld returned 1 exit status
make[1]: *** [CMakeFiles/cmTC_21bde.dir/build.make:99: cmTC_21bde] Error 1
make[1]: Leaving directory '/home/connect/catkin_ws/build_isolated/rosserial_embeddedlinux/CMakeFiles/CMakeTmp'
make: *** [Makefile:127: cmTC_21bde/fast] Error 2


Source file was:
#include <pthread.h>

static void* test_func(void* data)
{
  return data;
}

int main(void)
{
  pthread_t thread;
  pthread_create(&thread, NULL, test_func, NULL);
  pthread_detach(thread);
  pthread_cancel(thread);
  pthread_join(thread, NULL);
  pthread_atfork(NULL, NULL, NULL);
  pthread_exit(NULL);

  return 0;
}

Determining if the function pthread_create exists in the pthreads failed with the following output:
Change Dir: /home/connect/catkin_ws/build_isolated/rosserial_embeddedlinux/CMakeFiles/CMakeTmp

Run Build Command(s):/usr/bin/make -f Makefile cmTC_a23fe/fast && /usr/bin/make  -f CMakeFiles/cmTC_a23fe.dir/build.make CMakeFiles/cmTC_a23fe.dir/build
make[1]: Entering directory '/home/connect/catkin_ws/build_isolated/rosserial_embeddedlinux/CMakeFiles/CMakeTmp'
Building C object CMakeFiles/cmTC_a23fe.dir/CheckFunctionExists.c.o
/usr/lib/ccache/cc   -DCHECK_FUNCTION_EXISTS=pthread_create -o CMakeFiles/cmTC_a23fe.dir/CheckFunctionExists.c.o -c /usr/local/share/cmake-3.23/Modules/CheckFunctionExists.c
Linking C executable cmTC_a23fe
/usr/local/bin/cmake -E cmake_link_script CMakeFiles/cmTC_a23fe.dir/link.txt --verbose=1
/usr/lib/ccache/cc  -DCHECK_FUNCTION_EXISTS=pthread_create CMakeFiles/cmTC_a23fe.dir/CheckFunctionExists.c.o -o cmTC_a23fe  -lpthreads 
/usr/bin/ld: cannot find -lpthreads
collect2: error: ld returned 1 exit status
make[1]: *** [CMakeFiles/cmTC_a23fe.dir/build.make:99: cmTC_a23fe] Error 1
make[1]: Leaving directory '/home/connect/catkin_ws/build_isolated/rosserial_embeddedlinux/CMakeFiles/CMakeTmp'
make: *** [Makefile:127: cmTC_a23fe/fast] Error 2



